Drill report for SMHome_2RelayBoardRound_ESP1M_v7.kicad_pcb
Created on 2025-02-21T11:52:12+0300

Copper Layer Stackup:
    =============================================================
    L1 :  F.Cu                      front
    L2 :  B.Cu                      back


Drill file 'SMHome_2RelayBoardRound_ESP1M_v7.drl' contains
    plated through holes:
    =============================================================
    T1  0.400mm  0.0157"  (37 holes)
    T2  0.600mm  0.0236"  (2 holes)
    T3  0.800mm  0.0315"  (6 holes)
    T4  1.000mm  0.0394"  (4 holes)
    T5  1.100mm  0.0433"  (7 holes)
    T6  1.200mm  0.0472"  (2 holes)
    T7  1.298mm  0.0511"  (8 holes)
    T8  1.300mm  0.0512"  (2 holes)
    T9  1.500mm  0.0591"  (5 holes)
    T10  1.800mm  0.0709"  (4 holes)

    Total plated holes count 77


Not plated through holes are merged with plated holes
    unplated through holes:
    =============================================================

    Total unplated holes count 0
